2023-09-28 21:07:00,903 [main] INFO  c.t.l.l.LibraryManagementApplication               - Starting LibraryManagementApplication using Java 19.0.2 with PID 56148 (/Users/jp/intelij-workspace/microservices-architecture/target/classes started by jp in /Users/jp/intelij-workspace/microservices-architecture)
2023-09-28 21:07:00,908 [main] INFO  c.t.l.l.LibraryManagementApplication               - No active profile set, falling back to 1 default profile: "default"
2023-09-28 21:07:03,246 [main] INFO  o.s.d.r.c.RepositoryConfigurationDelegate          - Bootstrapping Spring Data JPA repositories in DEFAULT mode.
2023-09-28 21:07:03,489 [main] INFO  o.s.d.r.c.RepositoryConfigurationDelegate          - Finished Spring Data repository scanning in 220 ms. Found 4 JPA repository interfaces.
2023-09-28 21:07:05,122 [main] INFO  o.s.b.w.embedded.tomcat.TomcatWebServer            - Tomcat initialized with port(s): 8080 (http)
2023-09-28 21:07:05,142 [main] INFO  o.apache.coyote.http11.Http11NioProtocol           - Initializing ProtocolHandler ["http-nio-8080"]
2023-09-28 21:07:05,148 [main] INFO  o.apache.catalina.core.StandardService             - Starting service [Tomcat]
2023-09-28 21:07:05,148 [main] INFO  org.apache.catalina.core.StandardEngine            - Starting Servlet engine: [Apache Tomcat/10.1.12]
2023-09-28 21:07:05,385 [main] INFO  o.a.c.c.C.[Tomcat].[localhost].[/]                 - Initializing Spring embedded WebApplicationContext
2023-09-28 21:07:05,386 [main] INFO  o.s.b.w.s.c.ServletWebServerApplicationContext     - Root WebApplicationContext: initialization completed in 4347 ms
2023-09-28 21:07:05,564 [main] INFO  com.zaxxer.hikari.HikariDataSource                 - HikariPool-1 - Starting...
2023-09-28 21:07:06,078 [main] INFO  com.zaxxer.hikari.pool.HikariPool                  - HikariPool-1 - Added connection conn0: url=jdbc:h2:mem:libraryManagement user=SA
2023-09-28 21:07:06,082 [main] INFO  com.zaxxer.hikari.HikariDataSource                 - HikariPool-1 - Start completed.
2023-09-28 21:07:06,135 [main] INFO  o.s.b.a.h2.H2ConsoleAutoConfiguration              - H2 console available at '/h2-console'. Database available at 'jdbc:h2:mem:libraryManagement'
2023-09-28 21:07:06,515 [main] INFO  o.hibernate.jpa.internal.util.LogHelper            - HHH000204: Processing PersistenceUnitInfo [name: default]
2023-09-28 21:07:06,656 [main] INFO  org.hibernate.Version                              - HHH000412: Hibernate ORM core version 6.2.7.Final
2023-09-28 21:07:06,661 [main] INFO  org.hibernate.cfg.Environment                      - HHH000406: Using bytecode reflection optimizer
2023-09-28 21:07:07,097 [main] INFO  o.h.b.internal.BytecodeProviderInitiator           - HHH000021: Bytecode provider name : bytebuddy
2023-09-28 21:07:07,460 [main] INFO  o.s.o.j.p.SpringPersistenceUnitInfo                - No LoadTimeWeaver setup: ignoring JPA class transformer
2023-09-28 21:07:08,016 [main] INFO  o.h.b.internal.BytecodeProviderInitiator           - HHH000021: Bytecode provider name : bytebuddy
2023-09-28 21:07:09,523 [main] INFO  o.h.e.t.j.p.i.JtaPlatformInitiator                 - HHH000490: Using JtaPlatform implementation: [org.hibernate.engine.transaction.jta.platform.internal.NoJtaPlatform]
2023-09-28 21:07:09,555 [main] DEBUG org.hibernate.SQL                                  - drop table if exists "author" cascade 
2023-09-28 21:07:09,562 [main] DEBUG org.hibernate.SQL                                  - drop table if exists "book" cascade 
2023-09-28 21:07:09,562 [main] DEBUG org.hibernate.SQL                                  - drop table if exists "borrower" cascade 
2023-09-28 21:07:09,563 [main] DEBUG org.hibernate.SQL                                  - drop table if exists "genre" cascade 
2023-09-28 21:07:09,572 [main] DEBUG org.hibernate.SQL                                  - create table "author" ("id" bigint generated by default as identity, "country" varchar(255), "name" varchar(255), primary key ("id"))
2023-09-28 21:07:09,589 [main] DEBUG org.hibernate.SQL                                  - create table "book" ("author_id" bigint, "id" bigint generated by default as identity, "isbn" varchar(255), "status" varchar(255) check ("status" in ('AVAILABLE','BORROWED')), "title" varchar(255), primary key ("id"))
2023-09-28 21:07:09,600 [main] DEBUG org.hibernate.SQL                                  - create table "borrower" ("id" bigint generated by default as identity, "name" varchar(255), primary key ("id"))
2023-09-28 21:07:09,602 [main] DEBUG org.hibernate.SQL                                  - create table "genre" ("id" bigint generated by default as identity, "name" varchar(255), primary key ("id"))
2023-09-28 21:07:09,603 [main] DEBUG org.hibernate.SQL                                  - alter table if exists "book" add constraint "FKsytpuhl67g1174cx7iqlw6os9" foreign key ("author_id") references "author"
2023-09-28 21:07:09,623 [main] INFO  o.s.o.j.LocalContainerEntityManagerFactoryBean     - Initialized JPA EntityManagerFactory for persistence unit 'default'
2023-09-28 21:07:11,310 [main] WARN  o.s.b.a.o.j.JpaBaseConfiguration$JpaWebConfiguration - spring.jpa.open-in-view is enabled by default. Therefore, database queries may be performed during view rendering. Explicitly configure spring.jpa.open-in-view to disable this warning
2023-09-28 21:07:12,926 [main] INFO  o.s.b.a.e.web.EndpointLinksResolver                - Exposing 1 endpoint(s) beneath base path '/actuator'
2023-09-28 21:07:13,119 [main] INFO  o.apache.coyote.http11.Http11NioProtocol           - Starting ProtocolHandler ["http-nio-8080"]
2023-09-28 21:07:13,169 [main] INFO  o.s.b.w.embedded.tomcat.TomcatWebServer            - Tomcat started on port(s): 8080 (http) with context path ''
2023-09-28 21:07:13,196 [main] INFO  c.t.l.l.LibraryManagementApplication               - Started LibraryManagementApplication in 14.074 seconds (process running for 15.682)
2023-09-28 21:07:23,781 [http-nio-8080-exec-1] INFO  o.a.c.c.C.[Tomcat].[localhost].[/]                 - Initializing Spring DispatcherServlet 'dispatcherServlet'
2023-09-28 21:07:23,782 [http-nio-8080-exec-1] INFO  o.s.web.servlet.DispatcherServlet                  - Initializing Servlet 'dispatcherServlet'
2023-09-28 21:07:23,784 [http-nio-8080-exec-1] INFO  o.s.web.servlet.DispatcherServlet                  - Completed initialization in 1 ms
2023-09-28 21:08:00,640 [SpringApplicationShutdownHook] INFO  o.s.o.j.LocalContainerEntityManagerFactoryBean     - Closing JPA EntityManagerFactory for persistence unit 'default'
2023-09-28 21:08:00,645 [SpringApplicationShutdownHook] DEBUG org.hibernate.SQL                                  - drop table if exists "author" cascade 
2023-09-28 21:08:00,776 [SpringApplicationShutdownHook] DEBUG org.hibernate.SQL                                  - drop table if exists "book" cascade 
2023-09-28 21:08:00,776 [SpringApplicationShutdownHook] DEBUG org.hibernate.SQL                                  - drop table if exists "borrower" cascade 
2023-09-28 21:08:00,777 [SpringApplicationShutdownHook] DEBUG org.hibernate.SQL                                  - drop table if exists "genre" cascade 
2023-09-28 21:08:00,783 [SpringApplicationShutdownHook] INFO  com.zaxxer.hikari.HikariDataSource                 - HikariPool-1 - Shutdown initiated...
2023-09-28 21:08:00,789 [SpringApplicationShutdownHook] INFO  com.zaxxer.hikari.HikariDataSource                 - HikariPool-1 - Shutdown completed.
2023-09-28 21:08:08,137 [main] INFO  c.t.l.l.LibraryManagementApplication               - Starting LibraryManagementApplication using Java 19.0.2 with PID 56183 (/Users/jp/intelij-workspace/microservices-architecture/target/classes started by jp in /Users/jp/intelij-workspace/microservices-architecture)
2023-09-28 21:08:08,140 [main] INFO  c.t.l.l.LibraryManagementApplication               - No active profile set, falling back to 1 default profile: "default"
2023-09-28 21:08:10,220 [main] INFO  o.s.d.r.c.RepositoryConfigurationDelegate          - Bootstrapping Spring Data JPA repositories in DEFAULT mode.
2023-09-28 21:08:10,375 [main] INFO  o.s.d.r.c.RepositoryConfigurationDelegate          - Finished Spring Data repository scanning in 131 ms. Found 4 JPA repository interfaces.
2023-09-28 21:08:12,197 [main] INFO  o.s.b.w.embedded.tomcat.TomcatWebServer            - Tomcat initialized with port(s): 8080 (http)
2023-09-28 21:08:12,247 [main] INFO  o.apache.coyote.http11.Http11NioProtocol           - Initializing ProtocolHandler ["http-nio-8080"]
2023-09-28 21:08:12,258 [main] INFO  o.apache.catalina.core.StandardService             - Starting service [Tomcat]
2023-09-28 21:08:12,259 [main] INFO  org.apache.catalina.core.StandardEngine            - Starting Servlet engine: [Apache Tomcat/10.1.12]
2023-09-28 21:08:12,700 [main] INFO  o.a.c.c.C.[Tomcat].[localhost].[/]                 - Initializing Spring embedded WebApplicationContext
2023-09-28 21:08:12,701 [main] INFO  o.s.b.w.s.c.ServletWebServerApplicationContext     - Root WebApplicationContext: initialization completed in 4449 ms
2023-09-28 21:08:12,879 [main] INFO  com.zaxxer.hikari.HikariDataSource                 - HikariPool-1 - Starting...
2023-09-28 21:08:13,471 [main] INFO  com.zaxxer.hikari.pool.HikariPool                  - HikariPool-1 - Added connection conn0: url=jdbc:h2:mem:libraryManagement user=SA
2023-09-28 21:08:13,474 [main] INFO  com.zaxxer.hikari.HikariDataSource                 - HikariPool-1 - Start completed.
2023-09-28 21:08:13,534 [main] INFO  o.s.b.a.h2.H2ConsoleAutoConfiguration              - H2 console available at '/h2-console'. Database available at 'jdbc:h2:mem:libraryManagement'
2023-09-28 21:08:14,137 [main] INFO  o.hibernate.jpa.internal.util.LogHelper            - HHH000204: Processing PersistenceUnitInfo [name: default]
2023-09-28 21:08:14,272 [main] INFO  org.hibernate.Version                              - HHH000412: Hibernate ORM core version 6.2.7.Final
2023-09-28 21:08:14,277 [main] INFO  org.hibernate.cfg.Environment                      - HHH000406: Using bytecode reflection optimizer
2023-09-28 21:08:14,757 [main] INFO  o.h.b.internal.BytecodeProviderInitiator           - HHH000021: Bytecode provider name : bytebuddy
2023-09-28 21:08:15,175 [main] INFO  o.s.o.j.p.SpringPersistenceUnitInfo                - No LoadTimeWeaver setup: ignoring JPA class transformer
2023-09-28 21:08:15,966 [main] INFO  o.h.b.internal.BytecodeProviderInitiator           - HHH000021: Bytecode provider name : bytebuddy
2023-09-28 21:08:17,725 [main] INFO  o.h.e.t.j.p.i.JtaPlatformInitiator                 - HHH000490: Using JtaPlatform implementation: [org.hibernate.engine.transaction.jta.platform.internal.NoJtaPlatform]
2023-09-28 21:08:17,760 [main] DEBUG org.hibernate.SQL                                  - drop table if exists "author" cascade 
2023-09-28 21:08:17,769 [main] DEBUG org.hibernate.SQL                                  - drop table if exists "book" cascade 
2023-09-28 21:08:17,769 [main] DEBUG org.hibernate.SQL                                  - drop table if exists "borrower" cascade 
2023-09-28 21:08:17,770 [main] DEBUG org.hibernate.SQL                                  - drop table if exists "genre" cascade 
2023-09-28 21:08:17,780 [main] DEBUG org.hibernate.SQL                                  - create table "author" ("id" bigint generated by default as identity, "country" varchar(255), "name" varchar(255), primary key ("id"))
2023-09-28 21:08:17,795 [main] DEBUG org.hibernate.SQL                                  - create table "book" ("author_id" bigint, "id" bigint generated by default as identity, "isbn" varchar(255), "status" varchar(255) check ("status" in ('AVAILABLE','BORROWED')), "title" varchar(255), primary key ("id"))
2023-09-28 21:08:17,805 [main] DEBUG org.hibernate.SQL                                  - create table "borrower" ("id" bigint generated by default as identity, "name" varchar(255), primary key ("id"))
2023-09-28 21:08:17,807 [main] DEBUG org.hibernate.SQL                                  - create table "genre" ("id" bigint generated by default as identity, "name" varchar(255), primary key ("id"))
2023-09-28 21:08:17,809 [main] DEBUG org.hibernate.SQL                                  - alter table if exists "book" add constraint "FKsytpuhl67g1174cx7iqlw6os9" foreign key ("author_id") references "author"
2023-09-28 21:08:17,835 [main] INFO  o.s.o.j.LocalContainerEntityManagerFactoryBean     - Initialized JPA EntityManagerFactory for persistence unit 'default'
2023-09-28 21:08:18,924 [main] WARN  o.s.b.a.o.j.JpaBaseConfiguration$JpaWebConfiguration - spring.jpa.open-in-view is enabled by default. Therefore, database queries may be performed during view rendering. Explicitly configure spring.jpa.open-in-view to disable this warning
2023-09-28 21:08:19,811 [main] INFO  o.s.b.a.e.web.EndpointLinksResolver                - Exposing 1 endpoint(s) beneath base path '/actuator'
2023-09-28 21:08:19,914 [main] INFO  o.apache.coyote.http11.Http11NioProtocol           - Starting ProtocolHandler ["http-nio-8080"]
2023-09-28 21:08:19,963 [main] INFO  o.s.b.w.embedded.tomcat.TomcatWebServer            - Tomcat started on port(s): 8080 (http) with context path ''
2023-09-28 21:08:20,001 [main] INFO  c.t.l.l.LibraryManagementApplication               - Started LibraryManagementApplication in 13.304 seconds (process running for 14.795)
2023-09-28 21:08:21,775 [http-nio-8080-exec-1] INFO  o.a.c.c.C.[Tomcat].[localhost].[/]                 - Initializing Spring DispatcherServlet 'dispatcherServlet'
2023-09-28 21:08:21,775 [http-nio-8080-exec-1] INFO  o.s.web.servlet.DispatcherServlet                  - Initializing Servlet 'dispatcherServlet'
2023-09-28 21:08:21,777 [http-nio-8080-exec-1] INFO  o.s.web.servlet.DispatcherServlet                  - Completed initialization in 2 ms
2023-09-28 21:08:36,464 [SpringApplicationShutdownHook] INFO  o.s.o.j.LocalContainerEntityManagerFactoryBean     - Closing JPA EntityManagerFactory for persistence unit 'default'
2023-09-28 21:08:36,466 [SpringApplicationShutdownHook] DEBUG org.hibernate.SQL                                  - drop table if exists "author" cascade 
2023-09-28 21:08:36,641 [SpringApplicationShutdownHook] DEBUG org.hibernate.SQL                                  - drop table if exists "book" cascade 
2023-09-28 21:08:36,641 [SpringApplicationShutdownHook] DEBUG org.hibernate.SQL                                  - drop table if exists "borrower" cascade 
2023-09-28 21:08:36,642 [SpringApplicationShutdownHook] DEBUG org.hibernate.SQL                                  - drop table if exists "genre" cascade 
2023-09-28 21:08:36,647 [SpringApplicationShutdownHook] INFO  com.zaxxer.hikari.HikariDataSource                 - HikariPool-1 - Shutdown initiated...
2023-09-28 21:08:36,655 [SpringApplicationShutdownHook] INFO  com.zaxxer.hikari.HikariDataSource                 - HikariPool-1 - Shutdown completed.
2023-09-28 21:08:59,278 [main] INFO  c.t.l.l.LibraryManagementApplication               - Starting LibraryManagementApplication using Java 19.0.2 with PID 56201 (/Users/jp/intelij-workspace/microservices-architecture/target/classes started by jp in /Users/jp/intelij-workspace/microservices-architecture)
2023-09-28 21:08:59,282 [main] INFO  c.t.l.l.LibraryManagementApplication               - No active profile set, falling back to 1 default profile: "default"
2023-09-28 21:09:01,794 [main] INFO  o.s.d.r.c.RepositoryConfigurationDelegate          - Bootstrapping Spring Data JPA repositories in DEFAULT mode.
2023-09-28 21:09:01,959 [main] INFO  o.s.d.r.c.RepositoryConfigurationDelegate          - Finished Spring Data repository scanning in 142 ms. Found 4 JPA repository interfaces.
2023-09-28 21:09:03,214 [main] INFO  o.s.b.w.embedded.tomcat.TomcatWebServer            - Tomcat initialized with port(s): 8080 (http)
2023-09-28 21:09:03,244 [main] INFO  o.apache.coyote.http11.Http11NioProtocol           - Initializing ProtocolHandler ["http-nio-8080"]
2023-09-28 21:09:03,249 [main] INFO  o.apache.catalina.core.StandardService             - Starting service [Tomcat]
2023-09-28 21:09:03,250 [main] INFO  org.apache.catalina.core.StandardEngine            - Starting Servlet engine: [Apache Tomcat/10.1.12]
2023-09-28 21:09:03,518 [main] INFO  o.a.c.c.C.[Tomcat].[localhost].[/]                 - Initializing Spring embedded WebApplicationContext
2023-09-28 21:09:03,519 [main] INFO  o.s.b.w.s.c.ServletWebServerApplicationContext     - Root WebApplicationContext: initialization completed in 4126 ms
2023-09-28 21:09:03,714 [main] INFO  com.zaxxer.hikari.HikariDataSource                 - HikariPool-1 - Starting...
2023-09-28 21:09:04,087 [main] INFO  com.zaxxer.hikari.pool.HikariPool                  - HikariPool-1 - Added connection conn0: url=jdbc:h2:mem:libraryManagement user=SA
2023-09-28 21:09:04,094 [main] INFO  com.zaxxer.hikari.HikariDataSource                 - HikariPool-1 - Start completed.
2023-09-28 21:09:04,133 [main] INFO  o.s.b.a.h2.H2ConsoleAutoConfiguration              - H2 console available at '/h2-console'. Database available at 'jdbc:h2:mem:libraryManagement'
2023-09-28 21:09:04,511 [main] INFO  o.hibernate.jpa.internal.util.LogHelper            - HHH000204: Processing PersistenceUnitInfo [name: default]
2023-09-28 21:09:04,645 [main] INFO  org.hibernate.Version                              - HHH000412: Hibernate ORM core version 6.2.7.Final
2023-09-28 21:09:04,652 [main] INFO  org.hibernate.cfg.Environment                      - HHH000406: Using bytecode reflection optimizer
2023-09-28 21:09:05,011 [main] INFO  o.h.b.internal.BytecodeProviderInitiator           - HHH000021: Bytecode provider name : bytebuddy
2023-09-28 21:09:05,284 [main] INFO  o.s.o.j.p.SpringPersistenceUnitInfo                - No LoadTimeWeaver setup: ignoring JPA class transformer
2023-09-28 21:09:05,773 [main] INFO  o.h.b.internal.BytecodeProviderInitiator           - HHH000021: Bytecode provider name : bytebuddy
2023-09-28 21:09:07,077 [main] INFO  o.h.e.t.j.p.i.JtaPlatformInitiator                 - HHH000490: Using JtaPlatform implementation: [org.hibernate.engine.transaction.jta.platform.internal.NoJtaPlatform]
2023-09-28 21:09:07,134 [main] DEBUG org.hibernate.SQL                                  - drop table if exists "author" cascade 
2023-09-28 21:09:07,149 [main] DEBUG org.hibernate.SQL                                  - drop table if exists "book" cascade 
2023-09-28 21:09:07,150 [main] DEBUG org.hibernate.SQL                                  - drop table if exists "borrower" cascade 
2023-09-28 21:09:07,150 [main] DEBUG org.hibernate.SQL                                  - drop table if exists "genre" cascade 
2023-09-28 21:09:07,165 [main] DEBUG org.hibernate.SQL                                  - create table "author" ("id" bigint generated by default as identity, "country" varchar(255), "name" varchar(255), primary key ("id"))
2023-09-28 21:09:07,212 [main] DEBUG org.hibernate.SQL                                  - create table "book" ("author_id" bigint, "id" bigint generated by default as identity, "isbn" varchar(255), "status" varchar(255) check ("status" in ('AVAILABLE','BORROWED')), "title" varchar(255), primary key ("id"))
2023-09-28 21:09:07,232 [main] DEBUG org.hibernate.SQL                                  - create table "borrower" ("id" bigint generated by default as identity, "name" varchar(255), primary key ("id"))
2023-09-28 21:09:07,235 [main] DEBUG org.hibernate.SQL                                  - create table "genre" ("id" bigint generated by default as identity, "name" varchar(255), primary key ("id"))
2023-09-28 21:09:07,237 [main] DEBUG org.hibernate.SQL                                  - alter table if exists "book" add constraint "FKsytpuhl67g1174cx7iqlw6os9" foreign key ("author_id") references "author"
2023-09-28 21:09:07,265 [main] INFO  o.s.o.j.LocalContainerEntityManagerFactoryBean     - Initialized JPA EntityManagerFactory for persistence unit 'default'
2023-09-28 21:09:08,717 [main] WARN  o.s.b.a.o.j.JpaBaseConfiguration$JpaWebConfiguration - spring.jpa.open-in-view is enabled by default. Therefore, database queries may be performed during view rendering. Explicitly configure spring.jpa.open-in-view to disable this warning
2023-09-28 21:09:09,679 [main] INFO  o.s.b.a.e.web.EndpointLinksResolver                - Exposing 1 endpoint(s) beneath base path '/actuator'
2023-09-28 21:09:09,818 [main] INFO  o.apache.coyote.http11.Http11NioProtocol           - Starting ProtocolHandler ["http-nio-8080"]
2023-09-28 21:09:09,849 [main] INFO  o.s.b.w.embedded.tomcat.TomcatWebServer            - Tomcat started on port(s): 8080 (http) with context path ''
2023-09-28 21:09:09,881 [main] INFO  c.t.l.l.LibraryManagementApplication               - Started LibraryManagementApplication in 12.564 seconds (process running for 14.08)
2023-09-28 21:09:13,259 [http-nio-8080-exec-1] INFO  o.a.c.c.C.[Tomcat].[localhost].[/]                 - Initializing Spring DispatcherServlet 'dispatcherServlet'
2023-09-28 21:09:13,260 [http-nio-8080-exec-1] INFO  o.s.web.servlet.DispatcherServlet                  - Initializing Servlet 'dispatcherServlet'
2023-09-28 21:09:13,261 [http-nio-8080-exec-1] INFO  o.s.web.servlet.DispatcherServlet                  - Completed initialization in 1 ms
2023-09-28 21:10:50,560 [SpringApplicationShutdownHook] INFO  o.s.o.j.LocalContainerEntityManagerFactoryBean     - Closing JPA EntityManagerFactory for persistence unit 'default'
2023-09-28 21:10:50,561 [SpringApplicationShutdownHook] DEBUG org.hibernate.SQL                                  - drop table if exists "author" cascade 
2023-09-28 21:11:13,524 [main] INFO  c.t.l.l.LibraryManagementApplication               - Starting LibraryManagementApplication using Java 19.0.2 with PID 56257 (/Users/jp/intelij-workspace/microservices-architecture/target/classes started by jp in /Users/jp/intelij-workspace/microservices-architecture)
2023-09-28 21:11:13,527 [main] INFO  c.t.l.l.LibraryManagementApplication               - No active profile set, falling back to 1 default profile: "default"
2023-09-28 21:11:15,179 [main] INFO  o.s.d.r.c.RepositoryConfigurationDelegate          - Bootstrapping Spring Data JPA repositories in DEFAULT mode.
2023-09-28 21:11:15,322 [main] INFO  o.s.d.r.c.RepositoryConfigurationDelegate          - Finished Spring Data repository scanning in 123 ms. Found 4 JPA repository interfaces.
2023-09-28 21:11:16,394 [main] INFO  o.s.b.w.embedded.tomcat.TomcatWebServer            - Tomcat initialized with port(s): 8080 (http)
2023-09-28 21:11:16,417 [main] INFO  o.apache.coyote.http11.Http11NioProtocol           - Initializing ProtocolHandler ["http-nio-8080"]
2023-09-28 21:11:16,420 [main] INFO  o.apache.catalina.core.StandardService             - Starting service [Tomcat]
2023-09-28 21:11:16,420 [main] INFO  org.apache.catalina.core.StandardEngine            - Starting Servlet engine: [Apache Tomcat/10.1.12]
2023-09-28 21:11:16,579 [main] INFO  o.a.c.c.C.[Tomcat].[localhost].[/]                 - Initializing Spring embedded WebApplicationContext
2023-09-28 21:11:16,580 [main] INFO  o.s.b.w.s.c.ServletWebServerApplicationContext     - Root WebApplicationContext: initialization completed in 2961 ms
2023-09-28 21:11:16,646 [main] INFO  com.zaxxer.hikari.HikariDataSource                 - HikariPool-1 - Starting...
2023-09-28 21:11:17,182 [main] INFO  com.zaxxer.hikari.pool.HikariPool                  - HikariPool-1 - Added connection conn0: url=jdbc:h2:mem:libraryManagement user=SA
2023-09-28 21:11:17,184 [main] INFO  com.zaxxer.hikari.HikariDataSource                 - HikariPool-1 - Start completed.
2023-09-28 21:11:17,203 [main] INFO  o.s.b.a.h2.H2ConsoleAutoConfiguration              - H2 console available at '/h2-console'. Database available at 'jdbc:h2:mem:libraryManagement'
2023-09-28 21:11:17,521 [main] INFO  o.hibernate.jpa.internal.util.LogHelper            - HHH000204: Processing PersistenceUnitInfo [name: default]
2023-09-28 21:11:17,626 [main] INFO  org.hibernate.Version                              - HHH000412: Hibernate ORM core version 6.2.7.Final
2023-09-28 21:11:17,631 [main] INFO  org.hibernate.cfg.Environment                      - HHH000406: Using bytecode reflection optimizer
2023-09-28 21:11:17,904 [main] INFO  o.h.b.internal.BytecodeProviderInitiator           - HHH000021: Bytecode provider name : bytebuddy
2023-09-28 21:11:18,282 [main] INFO  o.s.o.j.p.SpringPersistenceUnitInfo                - No LoadTimeWeaver setup: ignoring JPA class transformer
2023-09-28 21:11:18,749 [main] INFO  o.h.b.internal.BytecodeProviderInitiator           - HHH000021: Bytecode provider name : bytebuddy
2023-09-28 21:11:20,131 [main] INFO  o.h.e.t.j.p.i.JtaPlatformInitiator                 - HHH000490: Using JtaPlatform implementation: [org.hibernate.engine.transaction.jta.platform.internal.NoJtaPlatform]
2023-09-28 21:11:20,164 [main] DEBUG org.hibernate.SQL                                  - drop table if exists "author" cascade 
2023-09-28 21:11:20,173 [main] DEBUG org.hibernate.SQL                                  - drop table if exists "book" cascade 
2023-09-28 21:11:20,173 [main] DEBUG org.hibernate.SQL                                  - drop table if exists "borrower" cascade 
2023-09-28 21:11:20,174 [main] DEBUG org.hibernate.SQL                                  - drop table if exists "genre" cascade 
2023-09-28 21:11:20,185 [main] DEBUG org.hibernate.SQL                                  - create table "author" ("id" bigint generated by default as identity, "country" varchar(255), "name" varchar(255), primary key ("id"))
2023-09-28 21:11:20,200 [main] DEBUG org.hibernate.SQL                                  - create table "book" ("author_id" bigint, "id" bigint generated by default as identity, "isbn" varchar(255), "status" varchar(255) check ("status" in ('AVAILABLE','BORROWED')), "title" varchar(255), primary key ("id"))
2023-09-28 21:11:20,210 [main] DEBUG org.hibernate.SQL                                  - create table "borrower" ("id" bigint generated by default as identity, "name" varchar(255), primary key ("id"))
2023-09-28 21:11:20,212 [main] DEBUG org.hibernate.SQL                                  - create table "genre" ("id" bigint generated by default as identity, "name" varchar(255), primary key ("id"))
2023-09-28 21:11:20,214 [main] DEBUG org.hibernate.SQL                                  - alter table if exists "book" add constraint "FKsytpuhl67g1174cx7iqlw6os9" foreign key ("author_id") references "author"
2023-09-28 21:11:20,234 [main] INFO  o.s.o.j.LocalContainerEntityManagerFactoryBean     - Initialized JPA EntityManagerFactory for persistence unit 'default'
2023-09-28 21:11:21,362 [main] WARN  o.s.b.a.o.j.JpaBaseConfiguration$JpaWebConfiguration - spring.jpa.open-in-view is enabled by default. Therefore, database queries may be performed during view rendering. Explicitly configure spring.jpa.open-in-view to disable this warning
2023-09-28 21:11:22,178 [main] INFO  o.apache.coyote.http11.Http11NioProtocol           - Starting ProtocolHandler ["http-nio-8080"]
2023-09-28 21:11:22,213 [main] INFO  o.s.b.w.embedded.tomcat.TomcatWebServer            - Tomcat started on port(s): 8080 (http) with context path ''
2023-09-28 21:11:22,231 [main] INFO  c.t.l.l.LibraryManagementApplication               - Started LibraryManagementApplication in 10.192 seconds (process running for 11.492)
2023-09-28 21:11:29,357 [http-nio-8080-exec-1] INFO  o.a.c.c.C.[Tomcat].[localhost].[/]                 - Initializing Spring DispatcherServlet 'dispatcherServlet'
2023-09-28 21:11:29,358 [http-nio-8080-exec-1] INFO  o.s.web.servlet.DispatcherServlet                  - Initializing Servlet 'dispatcherServlet'
2023-09-28 21:11:29,361 [http-nio-8080-exec-1] INFO  o.s.web.servlet.DispatcherServlet                  - Completed initialization in 2 ms
2023-09-28 21:11:31,521 [http-nio-8080-exec-10] INFO  o.springdoc.api.AbstractOpenApiResource            - Init duration for springdoc-openapi is: 1248 ms
2023-09-28 21:11:43,908 [http-nio-8080-exec-1] DEBUG org.hibernate.SQL                                  - select b1_0."id",b1_0."name" from "borrower" b1_0
2023-09-28 21:12:05,160 [http-nio-8080-exec-2] DEBUG org.hibernate.SQL                                  - insert into "borrower" ("name","id") values (?,default)
2023-09-28 21:12:10,675 [http-nio-8080-exec-4] DEBUG org.hibernate.SQL                                  - insert into "borrower" ("name","id") values (?,default)
2023-09-28 21:12:14,750 [http-nio-8080-exec-3] DEBUG org.hibernate.SQL                                  - insert into "borrower" ("name","id") values (?,default)
2023-09-28 21:12:18,846 [http-nio-8080-exec-6] DEBUG org.hibernate.SQL                                  - insert into "borrower" ("name","id") values (?,default)
2023-09-28 21:12:22,481 [http-nio-8080-exec-5] DEBUG org.hibernate.SQL                                  - insert into "borrower" ("name","id") values (?,default)
2023-09-28 21:12:28,611 [http-nio-8080-exec-7] DEBUG org.hibernate.SQL                                  - select b1_0."id",b1_0."name" from "borrower" b1_0
2023-09-28 21:13:00,908 [http-nio-8080-exec-2] DEBUG org.hibernate.SQL                                  - insert into "author" ("country","name","id") values (?,?,default)
2023-09-28 21:13:06,688 [http-nio-8080-exec-4] DEBUG org.hibernate.SQL                                  - insert into "author" ("country","name","id") values (?,?,default)
2023-09-28 21:13:12,843 [http-nio-8080-exec-3] DEBUG org.hibernate.SQL                                  - insert into "author" ("country","name","id") values (?,?,default)
2023-09-28 21:13:42,195 [SpringApplicationShutdownHook] INFO  o.s.o.j.LocalContainerEntityManagerFactoryBean     - Closing JPA EntityManagerFactory for persistence unit 'default'
2023-09-28 21:13:42,199 [SpringApplicationShutdownHook] DEBUG org.hibernate.SQL                                  - drop table if exists "author" cascade 
2023-09-28 21:13:42,354 [SpringApplicationShutdownHook] DEBUG org.hibernate.SQL                                  - drop table if exists "book" cascade 
2023-09-28 21:13:42,354 [SpringApplicationShutdownHook] DEBUG org.hibernate.SQL                                  - drop table if exists "borrower" cascade 
2023-09-28 21:13:42,354 [SpringApplicationShutdownHook] DEBUG org.hibernate.SQL                                  - drop table if exists "genre" cascade 
2023-09-28 21:13:42,358 [SpringApplicationShutdownHook] INFO  com.zaxxer.hikari.HikariDataSource                 - HikariPool-1 - Shutdown initiated...
2023-09-28 21:13:42,365 [SpringApplicationShutdownHook] INFO  com.zaxxer.hikari.HikariDataSource                 - HikariPool-1 - Shutdown completed.
